# JRE version: OpenJDK Runtime Environment (8.0_242-b01) (build 1.8.0_242-release-1644-b01)
# Java VM: OpenJDK 64-Bit Server VM (25.242-b01 mixed mode windows-amd64 compressed oops)
Heap:
 PSYoungGen      total 488960K, used 272582K [0x00000000d5580000, 0x00000000fc480000, 0x0000000100000000)
  eden space 452608K, 53% used [0x00000000d5580000,0x00000000e4091f78,0x00000000f0f80000)
  from space 36352K, 87% used [0x00000000f0f80000,0x00000000f2e9fb48,0x00000000f3300000)
  to   space 40448K, 0% used [0x00000000f9d00000,0x00000000f9d00000,0x00000000fc480000)
 ParOldGen       total 290816K, used 65303K [0x0000000080000000, 0x0000000091c00000, 0x00000000d5580000)
  object space 290816K, 22% used [0x0000000080000000,0x0000000083fc5e80,0x0000000091c00000)
 Metaspace       used 104180K, capacity 109780K, committed 109912K, reserved 1144832K
  class space    used 13606K, capacity 14716K, committed 14720K, reserved 1048576K
GC Heap History (10 events):
Event: 16.478 GC heap before
{Heap before GC invocations=13 (full 3):
 PSYoungGen      total 321024K, used 321014K [0x00000000d5580000, 0x00000000ef080000, 0x0000000100000000)
  eden space 299008K, 100% used [0x00000000d5580000,0x00000000e7980000,0x00000000e7980000)
  from space 22016K, 99% used [0x00000000e7980000,0x00000000e8efd8f8,0x00000000e8f00000)
  to   space 27648K, 0% used [0x00000000ed580000,0x00000000ed580000,0x00000000ef080000)
 ParOldGen       total 204288K, used 44876K [0x0000000080000000, 0x000000008c780000, 0x00000000d5580000)
  object space 204288K, 21% used [0x0000000080000000,0x0000000082bd30d0,0x000000008c780000)
 Metaspace       used 89228K, capacity 93474K, committed 93784K, reserved 1130496K
  class space    used 11993K, capacity 12859K, committed 12928K, reserved 1048576K
Event: 16.507 GC heap after
Heap after GC invocations=13 (full 3):
 PSYoungGen      total 383488K, used 27626K [0x00000000d5580000, 0x00000000eff00000, 0x0000000100000000)
  eden space 355840K, 0% used [0x00000000d5580000,0x00000000d5580000,0x00000000eb100000)
  from space 27648K, 99% used [0x00000000ed580000,0x00000000ef07abc8,0x00000000ef080000)
  to   space 37376K, 0% used [0x00000000eb100000,0x00000000eb100000,0x00000000ed580000)
 ParOldGen       total 204288K, used 60642K [0x0000000080000000, 0x000000008c780000, 0x00000000d5580000)
  object space 204288K, 29% used [0x0000000080000000,0x0000000083b38a18,0x000000008c780000)
 Metaspace       used 89228K, capacity 93474K, committed 93784K, reserved 1130496K
  class space    used 11993K, capacity 12859K, committed 12928K, reserved 1048576K
}
Event: 16.940 GC heap before
{Heap before GC invocations=14 (full 3):
 PSYoungGen      total 383488K, used 78001K [0x00000000d5580000, 0x00000000eff00000, 0x0000000100000000)
  eden space 355840K, 14% used [0x00000000d5580000,0x00000000d86b1950,0x00000000eb100000)
  from space 27648K, 99% used [0x00000000ed580000,0x00000000ef07abc8,0x00000000ef080000)
  to   space 37376K, 0% used [0x00000000eb100000,0x00000000eb100000,0x00000000ed580000)
 ParOldGen       total 204288K, used 60642K [0x0000000080000000, 0x000000008c780000, 0x00000000d5580000)
  object space 204288K, 29% used [0x0000000080000000,0x0000000083b38a18,0x000000008c780000)
 Metaspace       used 93769K, capacity 98300K, committed 98496K, reserved 1134592K
  class space    used 12421K, capacity 13327K, committed 13440K, reserved 1048576K
Event: 16.977 GC heap after
Heap after GC invocations=14 (full 3):
 PSYoungGen      total 393216K, used 4623K [0x00000000d5580000, 0x00000000f6c80000, 0x0000000100000000)
  eden space 355840K, 0% used [0x00000000d5580000,0x00000000d5580000,0x00000000eb100000)
  from space 37376K, 12% used [0x00000000eb100000,0x00000000eb583cc8,0x00000000ed580000)
  to   space 37376K, 0% used [0x00000000f4800000,0x00000000f4800000,0x00000000f6c80000)
 ParOldGen       total 204288K, used 87716K [0x0000000080000000, 0x000000008c780000, 0x00000000d5580000)
  object space 204288K, 42% used [0x0000000080000000,0x00000000855a90b0,0x000000008c780000)
 Metaspace       used 93769K, capacity 98300K, committed 98496K, reserved 1134592K
  class space    used 12421K, capacity 13327K, committed 13440K, reserved 1048576K
}
Event: 16.977 GC heap before
{Heap before GC invocations=15 (full 4):
 PSYoungGen      total 393216K, used 4623K [0x00000000d5580000, 0x00000000f6c80000, 0x0000000100000000)
  eden space 355840K, 0% used [0x00000000d5580000,0x00000000d5580000,0x00000000eb100000)
  from space 37376K, 12% used [0x00000000eb100000,0x00000000eb583cc8,0x00000000ed580000)
  to   space 37376K, 0% used [0x00000000f4800000,0x00000000f4800000,0x00000000f6c80000)
 ParOldGen       total 204288K, used 87716K [0x0000000080000000, 0x000000008c780000, 0x00000000d5580000)
  object space 204288K, 42% used [0x0000000080000000,0x00000000855a90b0,0x000000008c780000)
 Metaspace       used 93769K, capacity 98300K, committed 98496K, reserved 1134592K
  class space    used 12421K, capacity 13327K, committed 13440K, reserved 1048576K
Event: 17.263 GC heap after
Heap after GC invocations=15 (full 4):
 PSYoungGen      total 393216K, used 0K [0x00000000d5580000, 0x00000000f6c80000, 0x0000000100000000)
  eden space 355840K, 0% used [0x00000000d5580000,0x00000000d5580000,0x00000000eb100000)
  from space 37376K, 0% used [0x00000000eb100000,0x00000000eb100000,0x00000000ed580000)
  to   space 37376K, 0% used [0x00000000f4800000,0x00000000f4800000,0x00000000f6c80000)
 ParOldGen       total 290816K, used 65295K [0x0000000080000000, 0x0000000091c00000, 0x00000000d5580000)
  object space 290816K, 22% used [0x0000000080000000,0x0000000083fc3e80,0x0000000091c00000)
 Metaspace       used 93628K, capacity 97872K, committed 98496K, reserved 1134592K
  class space    used 12377K, capacity 13223K, committed 13440K, reserved 1048576K
}
Event: 1031.650 GC heap before
{Heap before GC invocations=16 (full 4):
 PSYoungGen      total 393216K, used 355840K [0x00000000d5580000, 0x00000000f6c80000, 0x0000000100000000)
  eden space 355840K, 100% used [0x00000000d5580000,0x00000000eb100000,0x00000000eb100000)
  from space 37376K, 0% used [0x00000000eb100000,0x00000000eb100000,0x00000000ed580000)
  to   space 37376K, 0% used [0x00000000f4800000,0x00000000f4800000,0x00000000f6c80000)
 ParOldGen       total 290816K, used 65295K [0x0000000080000000, 0x0000000091c00000, 0x00000000d5580000)
  object space 290816K, 22% used [0x0000000080000000,0x0000000083fc3e80,0x0000000091c00000)
 Metaspace       used 95493K, capacity 100360K, committed 100568K, reserved 1136640K
  class space    used 12513K, capacity 13518K, committed 13568K, reserved 1048576K
Event: 1031.667 GC heap after
Heap after GC invocations=16 (full 4):
 PSYoungGen      total 467456K, used 9763K [0x00000000d5580000, 0x00000000f5680000, 0x0000000100000000)
  eden space 452608K, 0% used [0x00000000d5580000,0x00000000d5580000,0x00000000f0f80000)
  from space 14848K, 65% used [0x00000000f4800000,0x00000000f5188d20,0x00000000f5680000)
  to   space 36352K, 0% used [0x00000000f0f80000,0x00000000f0f80000,0x00000000f3300000)
 ParOldGen       total 290816K, used 65303K [0x0000000080000000, 0x0000000091c00000, 0x00000000d5580000)
  object space 290816K, 22% used [0x0000000080000000,0x0000000083fc5e80,0x0000000091c00000)
 Metaspace       used 95493K, capacity 100360K, committed 100568K, reserved 1136640K
  class space    used 12513K, capacity 13518K, committed 13568K, reserved 1048576K
}
Event: 1139.032 GC heap before
{Heap before GC invocations=17 (full 4):
 PSYoungGen      total 467456K, used 462371K [0x00000000d5580000, 0x00000000f5680000, 0x0000000100000000)
  eden space 452608K, 100% used [0x00000000d5580000,0x00000000f0f80000,0x00000000f0f80000)
  from space 14848K, 65% used [0x00000000f4800000,0x00000000f5188d20,0x00000000f5680000)
  to   space 36352K, 0% used [0x00000000f0f80000,0x00000000f0f80000,0x00000000f3300000)
 ParOldGen       total 290816K, used 65303K [0x0000000080000000, 0x0000000091c00000, 0x00000000d5580000)
  object space 290816K, 22% used [0x0000000080000000,0x0000000083fc5e80,0x0000000091c00000)
 Metaspace       used 100490K, capacity 105844K, committed 106200K, reserved 1140736K
  class space    used 13094K, capacity 14216K, committed 14336K, reserved 1048576K
Event: 1139.064 GC heap after
Heap after GC invocations=17 (full 4):
 PSYoungGen      total 488960K, used 31870K [0x00000000d5580000, 0x00000000fc480000, 0x0000000100000000)
  eden space 452608K, 0% used [0x00000000d5580000,0x00000000d5580000,0x00000000f0f80000)
  from space 36352K, 87% used [0x00000000f0f80000,0x00000000f2e9fb48,0x00000000f3300000)
  to   space 40448K, 0% used [0x00000000f9d00000,0x00000000f9d00000,0x00000000fc480000)
 ParOldGen       total 290816K, used 65303K [0x0000000080000000, 0x0000000091c00000, 0x00000000d5580000)
  object space 290816K, 22% used [0x0000000080000000,0x0000000083fc5e80,0x0000000091c00000)
 Metaspace       used 100490K, capacity 105844K, committed 106200K, reserved 1140736K
  class space    used 13094K, capacity 14216K, committed 14336K, reserved 1048576K
}

